<?xml version="1.0" encoding="UTF-8"?>
<!-- Generated by org.testng.reporters.JUnitXMLReporter -->
<testsuite ignored="2" hostname="DESKTOP-AAHVUME" failures="0" tests="2" name="testing" time="0.086" errors="0" timestamp="2024-08-17T11:42:53 IST">
  <testcase classname="TestngDemo.TestNGGroupsDemo1" name="funC" time="0.013"/>
  <testcase classname="TestngDemo.TestNGGroupsDemo1" name="funD" time="0.002"/>
  <testcase classname="TestngDemo.TestNGGroupsDemo1" name="funB" time="0.0">
    <ignored/>
  </testcase> <!-- funB -->
  <testcase classname="TestngDemo.TestNGGroupsDemo1" name="funA" time="0.0">
    <ignored/>
  </testcase> <!-- funA -->
</testsuite> <!-- testing -->
