<?xml version="1.0" encoding="UTF-8"?>
<testng-results ignored="0" total="1" passed="1" failed="0" skipped="0">
  <reporter-output>
  </reporter-output>
  <suite started-at="2024-11-17T13:04:30 IST" name="Default suite" finished-at="2024-11-17T13:04:30 IST" duration-ms="90">
    <groups>
    </groups>
    <test started-at="2024-11-17T13:04:30 IST" name="Default test" finished-at="2024-11-17T13:04:30 IST" duration-ms="90">
      <class name="IODemo1.FileDemo1">
        <test-method signature="fileTest()[pri:0, instance:IODemo1.FileDemo1@a3d8174]" started-at="2024-11-17T13:04:30 IST" name="fileTest" finished-at="2024-11-17T13:04:30 IST" duration-ms="24" status="PASS">
          <reporter-output>
          </reporter-output>
        </test-method> <!-- fileTest -->
      </class> <!-- IODemo1.FileDemo1 -->
    </test> <!-- Default test -->
  </suite> <!-- Default suite -->
</testng-results>
