<?xml version="1.0" encoding="UTF-8"?>
<!-- Generated by org.testng.reporters.JUnitXMLReporter -->
<testsuite ignored="1" hostname="DESKTOP-AAHVUME" failures="2" tests="25" name="Regression suite 1" time="0.17" errors="0" timestamp="2024-08-17T11:45:07 IST">
  <testcase classname="TestngDemo.NewTestDemo" name="f" time="0.017"/>
  <testcase classname="TestngDemo.TestNGDemo1" name="funA" time="0.001"/>
  <testcase classname="TestngDemo.TestNGDemo2" name="funA" time="0.001"/>
  <testcase classname="TestngDemo.TestNGDemo2" name="funB" time="0.002"/>
  <testcase classname="TestngDemo.TestNGDemo2" name="funC" time="0.002"/>
  <testcase classname="TestngDemo.TestNGDemo2" name="funD" time="0.001"/>
  <testcase classname="TestngDemo.TestNGDemo2A" name="anil" time="0.002"/>
  <testcase classname="TestngDemo.TestNGDemo2A" name="funA" time="0.002"/>
  <testcase classname="TestngDemo.TestNGDemo2A" name="funB" time="0.002"/>
  <testcase classname="TestngDemo.TestNGDemo2A" name="funC" time="0.002"/>
  <testcase classname="TestngDemo.TestNGDemo2B" name="funD" time="0.002"/>
  <testcase classname="TestngDemo.TestNGDemo2B" name="funA" time="0.002"/>
  <testcase classname="TestngDemo.TestNGDemo2B" name="funB" time="0.001"/>
  <testcase classname="TestngDemo.TestNGDemo2B" name="funC" time="0.001"/>
  <testcase classname="TestngDemo.TestNGDemo3" name="funA" time="0.002"/>
  <testcase classname="TestngDemo.TestNGDemo3" name="funB" time="0.001"/>
  <testcase classname="TestngDemo.TestNGDemo3" name="funC" time="0.001">
    <skipped/>
  </testcase> <!-- funC -->
  <testcase classname="TestngDemo.TestNGDemo4" name="loginTest" time="0.001">
    <failure type="java.lang.ArithmeticException" message="/ by zero">
      <![CDATA[java.lang.ArithmeticException: / by zero
at TestngDemo.TestNGDemo4.loginTest(TestNGDemo4.java:11)
at java.base/java.util.ArrayList.forEach(ArrayList.java:1511)
... Removed 27 stack frames]]>
    </failure>
  </testcase> <!-- loginTest -->
  <testcase classname="TestngDemo.TestNGDemo4" name="custumerDetails" time="0.001"/>
  <testcase classname="TestngDemo.TestNGDemo4A" name="loginTest" time="0.002">
    <failure type="java.lang.ArithmeticException" message="/ by zero">
      <![CDATA[java.lang.ArithmeticException: / by zero
at TestngDemo.TestNGDemo4A.loginTest(TestNGDemo4A.java:11)
at java.base/java.util.ArrayList.forEach(ArrayList.java:1511)
... Removed 27 stack frames]]>
    </failure>
  </testcase> <!-- loginTest -->
  <testcase classname="TestngDemo.TestNGDemo4A" name="custumerDetails" time="0.0">
    <skipped/>
  </testcase> <!-- custumerDetails -->
  <testcase classname="TestngDemo.TestNGGroupsDemo1" name="funA" time="0.001"/>
  <testcase classname="TestngDemo.TestNGGroupsDemo1" name="funB" time="0.001"/>
  <testcase classname="TestngDemo.TestNGGroupsDemo1" name="funC" time="0.001"/>
  <testcase classname="TestngDemo.TestNGGroupsDemo1" name="funD" time="0.001"/>
  <testcase classname="TestngDemo.TestNGDemo3" name="funD" time="0.0">
    <ignored/>
  </testcase> <!-- funD -->
</testsuite> <!-- Regression suite 1 -->
